[20sept2025 20:27:17.688] [main/INFO] [cpw.mods.modlauncher.Launcher/MODLAUNCHER]: ModLauncher running: args [--mod, stuff_aint_cheap, --all, --output, C:\Users\sctst\Desktop\CNT\appointment-management-ops\projects\StuffAintCheap\src\generated\resources, --existing, C:\Users\sctst\Desktop\CNT\appointment-management-ops\projects\StuffAintCheap\src\main\resources, --launchTarget, forgedatauserdev, --assetIndex, asset-index, --assetsDir, C:\Users\sctst\.gradle\caches\minecraft\assets\1.21, --gameDir, ., --fml.neoForgeVersion, 21.0.167, --fml.fmlVersion, 4.0.23, --fml.mcVersion, 1.21, --fml.neoFormVersion, 20240613.152323]
[20sept2025 20:27:17.694] [main/INFO] [cpw.mods.modlauncher.Launcher/MODLAUNCHER]: JVM identified as Amazon.com Inc. OpenJDK 64-Bit Server VM 21.0.7+6-LTS
[20sept2025 20:27:17.697] [main/INFO] [cpw.mods.modlauncher.Launcher/MODLAUNCHER]: ModLauncher 11.0.4+main.d2e20e43 starting: java version 21.0.7 by Amazon.com Inc.; OS Windows 11 arch amd64 version 10.0
[20sept2025 20:27:17.861] [main/INFO] [net.neoforged.fml.loading.ImmediateWindowHandler/]: ImmediateWindowProvider not loading because launch target is forgedatauserdev
[20sept2025 20:27:17.909] [main/INFO] [mixin/]: SpongePowered MIXIN Subsystem Version=0.8.6 Source=union:/C:/Users/sctst/.gradle/caches/modules-2/files-2.1/net.fabricmc/sponge-mixin/0.14.0+mixin.0.8.6/c265173c84346e9e5d42a2384b2b02bd39a4a899/sponge-mixin-0.14.0+mixin.0.8.6.jar%23135!/ Service=ModLauncher Env=CLIENT
[20sept2025 20:27:18.127] [main/INFO] [net.neoforged.fml.loading.moddiscovery.ModDiscoverer/SCAN]: Found mod file "neoforge-21.0.167.jar" [locator: neoforge devenv provider ([C:\Users\sctst\Desktop\CNT\appointment-management-ops\projects\StuffAintCheap\.gradle\repositories\ng_dummy_ng\net\neoforged\neoforge\21.0.167\neoforge-21.0.167.jar])]
[20sept2025 20:27:18.144] [main/INFO] [net.neoforged.fml.loading.moddiscovery.ModDiscoverer/SCAN]: Found mod file "neoforge-21.0.167.jar" [locator: neoforge devenv provider ([C:\Users\sctst\Desktop\CNT\appointment-management-ops\projects\StuffAintCheap\.gradle\repositories\ng_dummy_ng\net\neoforged\neoforge\21.0.167\neoforge-21.0.167.jar])]
[20sept2025 20:27:18.159] [main/INFO] [net.neoforged.fml.loading.moddiscovery.ModDiscoverer/SCAN]: Found mod file "main" [locator: userdev mods and services, reader: mod manifest]
[20sept2025 20:27:18.171] [main/INFO] [net.neoforged.fml.loading.moddiscovery.ModDiscoverer/SCAN]: Found mod file "neoforge-21.0.167.jar" [locator: userdev mods and services, reader: mod manifest]
[20sept2025 20:27:18.189] [main/INFO] [net.neoforged.fml.loading.moddiscovery.ModDiscoverer/SCAN]: Found gamelibrary file "mixinextras-neoforge-0.3.5.jar" [locator: userdev mods and services, reader: mod manifest]
[20sept2025 20:27:18.283] [main/WARN] [net.neoforged.jarjar.selection.JarSelector/]: Attempted to select a dependency jar for JarJar which was passed in as source: mixinextras-neoforge-0.3.5.jar. Using Mod File: C:\Users\sctst\.gradle\caches\modules-2\files-2.1\io.github.llamalad7\mixinextras-neoforge\0.3.5\ef3ffcf309dae656517b2f120189b1c9b21737dd\mixinextras-neoforge-0.3.5.jar
[20sept2025 20:27:18.283] [main/INFO] [net.neoforged.fml.loading.moddiscovery.locators.JarInJarDependencyLocator/]: No dependencies to load found. Skipping!
[20sept2025 20:27:18.446] [main/INFO] [net.neoforged.fml.loading.FMLServiceProvider/CORE]: Loading coremod script-engine for [neoforge]
[20sept2025 20:27:19.387] [main/INFO] [cpw.mods.modlauncher.LaunchServiceHandler/MODLAUNCHER]: Launching target 'forgedatauserdev' with arguments [--gameDir, ., --assetsDir, C:\Users\sctst\.gradle\caches\minecraft\assets\1.21, --mod, stuff_aint_cheap, --all, --output, C:\Users\sctst\Desktop\CNT\appointment-management-ops\projects\StuffAintCheap\src\generated\resources, --existing, C:\Users\sctst\Desktop\CNT\appointment-management-ops\projects\StuffAintCheap\src\main\resources, --assetIndex, asset-index]
[20sept2025 20:27:19.997] [main/INFO] [net.neoforged.neoforge.data.loading.DatagenModLoader/]: Initializing Data Gatherer for mods [stuff_aint_cheap]
[20sept2025 20:27:20.017] [main/INFO] [MixinExtras|Service/]: Initializing MixinExtras via com.llamalad7.mixinextras.service.MixinExtrasServiceImpl(version=0.3.5).
[20sept2025 20:27:24.638] [modloading-worker-0/INFO] [net.f4rck.stuffaintcheap.StuffAintCheap/]: Starting Stuff Ain't Cheap mod.
[20sept2025 20:27:24.647] [modloading-worker-0/INFO] [net.f4rck.stuffaintcheap.StuffAintCheap/]: Registering Event
[20sept2025 20:27:24.662] [modloading-worker-0/INFO] [net.neoforged.neoforge.common.NeoForgeMod/NEOFORGE-MOD]: NeoForge mod loading, version 21.0.167, for MC 1.21
[20sept2025 20:27:24.968] [main/WARN] [net.minecraft.server.packs.VanillaPackResourcesBuilder/]: Assets URL 'union:/C:/Users/sctst/Desktop/CNT/appointment-management-ops/projects/StuffAintCheap/.gradle/repositories/ng_dummy_ng/net/neoforged/neoforge/21.0.167/neoforge-21.0.167.jar%23189!/assets/.mcassetsroot' uses unexpected schema
[20sept2025 20:27:24.968] [main/WARN] [net.minecraft.server.packs.VanillaPackResourcesBuilder/]: Assets URL 'union:/C:/Users/sctst/Desktop/CNT/appointment-management-ops/projects/StuffAintCheap/.gradle/repositories/ng_dummy_ng/net/neoforged/neoforge/21.0.167/neoforge-21.0.167.jar%23189!/data/.mcassetsroot' uses unexpected schema
[20sept2025 20:27:25.112] [main/INFO] [net.minecraft.data.DataGenerator/]: All providers took: 0 ms
[20sept2025 20:27:25.116] [main/INFO] [net.minecraft.data.HashCache/]: Caching: total files: 0, old count: 0, new count: 1, removed stale: 0, written: 0
